<?xml version="1.0" encoding="UTF-8"?>
<!-- Generated by org.testng.reporters.JUnitReportReporter -->
<testsuite skipped="6" hostname="Shaileshs-MacBook-Pro.local" name="main.java.test.HomePageTest" tests="8" failures="0" timestamp="2020-09-05T17:23:44 GST" time="26.356" errors="0">
  <testcase name="verifyHomePageTitleTest" time="12.403" classname="main.java.test.HomePageTest"/>
  <system-out/>
  <testcase name="verifyHomePageLogoExistsTest" time="13.953" classname="main.java.test.HomePageTest"/>
  <system-out/>
  <testcase name="verifyMouseOverTabTest" classname="main.java.test.HomePageTest">
    <skipped/>
  </testcase> <!-- verifyMouseOverTabTest -->
  <system-out/>
  <testcase name="verifySearchHistoryFieldTest" classname="main.java.test.HomePageTest">
    <skipped/>
  </testcase> <!-- verifySearchHistoryFieldTest -->
  <system-out/>
  <testcase name="verifySearchHistoryFieldDeleteTest" classname="main.java.test.HomePageTest">
    <skipped/>
  </testcase> <!-- verifySearchHistoryFieldDeleteTest -->
  <system-out/>
  <testcase name="verifySearchInputFieldTest" classname="main.java.test.HomePageTest">
    <skipped/>
  </testcase> <!-- verifySearchInputFieldTest -->
  <system-out/>
  <testcase name="verifyDubbizleMouseOverTabTest" classname="main.java.test.HomePageTest">
    <skipped/>
  </testcase> <!-- verifyDubbizleMouseOverTabTest -->
  <system-out/>
  <testcase name="verifyNavigateForwardAndBackTest" classname="main.java.test.HomePageTest">
    <skipped/>
  </testcase> <!-- verifyNavigateForwardAndBackTest -->
  <system-out/>
</testsuite> <!-- main.java.test.HomePageTest -->
