<?xml version="1.0" encoding="UTF-8"?>
<!-- Generated by org.testng.reporters.JUnitReportReporter -->
<testsuite skipped="0" hostname="Shaileshs-MacBook-Pro.local" name="main.java.test.DragDropFeatureTest" tests="1" failures="0" timestamp="2020-09-10T17:10:00 GST" time="5.835" errors="0">
  <testcase name="verifyDragDropFeatureTest" time="5.835" classname="main.java.test.DragDropFeatureTest"/>
  <system-out/>
</testsuite> <!-- main.java.test.DragDropFeatureTest -->
