<?xml version="1.0" encoding="UTF-8"?>
<!-- Generated by org.testng.reporters.JUnitReportReporter -->
<testsuite skipped="0" hostname="Shaileshs-MacBook-Pro.local" name="test.java.DragDropFeatureTest" tests="1" failures="0" timestamp="2020-09-13T14:10:32 GST" time="5.769" errors="0">
  <testcase name="verifyDragDropFeatureTest" time="5.769" classname="test.java.DragDropFeatureTest"/>
  <system-out/>
</testsuite> <!-- test.java.DragDropFeatureTest -->
