<?xml version="1.0" encoding="UTF-8"?>
<!-- Generated by org.testng.reporters.JUnitReportReporter -->
<testsuite skipped="2" hostname="Shaileshs-MacBook-Pro.local" name="test.java.crm.LoginPageTest" tests="2" failures="0" timestamp="13 Sep 2020 12:59:23 GMT" time="0.000" errors="0">
  <testcase name="verifyLoginPageTitleTest" time="0.000" classname="test.java.crm.LoginPageTest">
    <skipped/>
  </testcase> <!-- verifyLoginPageTitleTest -->
  <testcase name="verifyLoginTest" time="0.000" classname="test.java.crm.LoginPageTest">
    <skipped/>
  </testcase> <!-- verifyLoginTest -->
</testsuite> <!-- test.java.crm.LoginPageTest -->
