<?xml version="1.0" encoding="UTF-8"?>
<!-- Generated by org.testng.reporters.JUnitReportReporter -->
<testsuite skipped="4" hostname="Shaileshs-MacBook-Pro.local" name="test.java.crm.HomePageTest" tests="4" failures="0" timestamp="13 Sep 2020 12:59:23 GMT" time="0.004" errors="0">
  <testcase name="verifyHomePageTitleTest" time="0.000" classname="test.java.crm.HomePageTest">
    <skipped/>
  </testcase> <!-- verifyHomePageTitleTest -->
  <testcase name="verifyContactsLinkTest" time="0.001" classname="test.java.crm.HomePageTest">
    <skipped/>
  </testcase> <!-- verifyContactsLinkTest -->
  <testcase name="verifyDeleteButtonTest" time="0.003" classname="test.java.crm.HomePageTest">
    <skipped/>
  </testcase> <!-- verifyDeleteButtonTest -->
  <testcase name="verifyCalendarLinkTest" time="0.000" classname="test.java.crm.HomePageTest">
    <skipped/>
  </testcase> <!-- verifyCalendarLinkTest -->
</testsuite> <!-- test.java.crm.HomePageTest -->
