<?xml version="1.0" encoding="UTF-8"?>
<!-- Generated by org.testng.reporters.JUnitReportReporter -->
<testsuite skipped="0" hostname="Shaileshs-MacBook-Pro.local" name="test.java.DragDropFeatureTest" tests="1" failures="0" timestamp="13 Sep 2020 12:59:23 GMT" time="9.024" errors="0">
  <testcase name="verifyDragDropFeatureTest" time="9.024" classname="test.java.DragDropFeatureTest"/>
</testsuite> <!-- test.java.DragDropFeatureTest -->
