<?xml version="1.0" encoding="UTF-8"?>
<!-- Generated by org.testng.reporters.JUnitReportReporter -->
<testsuite skipped="9" hostname="Shaileshs-MacBook-Pro.local" name="test.java.ecom.brandForLess.HomePageTest" tests="9" failures="0" timestamp="13 Sep 2020 12:59:23 GMT" time="0.000" errors="0">
  <testcase name="verifyHomePageLogoExistsTest" time="0.000" classname="test.java.ecom.brandForLess.HomePageTest">
    <skipped/>
  </testcase> <!-- verifyHomePageLogoExistsTest -->
  <testcase name="verifyHomePageHeaderTest" time="0.000" classname="test.java.ecom.brandForLess.HomePageTest">
    <skipped/>
  </testcase> <!-- verifyHomePageHeaderTest -->
  <testcase name="verifyHomePageTitleTest" time="0.000" classname="test.java.ecom.brandForLess.HomePageTest">
    <skipped/>
  </testcase> <!-- verifyHomePageTitleTest -->
  <testcase name="verifySearchInputFieldTest" classname="test.java.ecom.brandForLess.HomePageTest">
    <skipped/>
  </testcase> <!-- verifySearchInputFieldTest -->
  <testcase name="verifyDubbizleMouseOverTabTest" classname="test.java.ecom.brandForLess.HomePageTest">
    <skipped/>
  </testcase> <!-- verifyDubbizleMouseOverTabTest -->
  <testcase name="verifySearchHistoryFieldTest" classname="test.java.ecom.brandForLess.HomePageTest">
    <skipped/>
  </testcase> <!-- verifySearchHistoryFieldTest -->
  <testcase name="verifySearchHistoryFieldDeleteTest" classname="test.java.ecom.brandForLess.HomePageTest">
    <skipped/>
  </testcase> <!-- verifySearchHistoryFieldDeleteTest -->
  <testcase name="verifyMouseOverTabTest" classname="test.java.ecom.brandForLess.HomePageTest">
    <skipped/>
  </testcase> <!-- verifyMouseOverTabTest -->
  <testcase name="verifyNavigateForwardAndBackTest" classname="test.java.ecom.brandForLess.HomePageTest">
    <skipped/>
  </testcase> <!-- verifyNavigateForwardAndBackTest -->
</testsuite> <!-- test.java.ecom.brandForLess.HomePageTest -->
